--Preprocessing Logging--
--Pipeline Logging--
--Baselines Logging--
--MPPN Logging--
**************************************************
Helpdesk
Camargo_concat
**************************************************

--BEFORE--
torch.Size([12062, 2, 64])
torch.Size([12062, 64])
--AFTER--
torch.Size([12062, 2, 64])
torch.Size([12062, 64])

--BEFORE--
torch.Size([1346, 2, 64])
torch.Size([1346, 64])
--AFTER--
torch.Size([1346, 2, 64])
torch.Size([1346, 64])

--BEFORE--
torch.Size([3360, 2, 64])
torch.Size([3360, 64])
--AFTER--
torch.Size([3360, 2, 64])
torch.Size([3360, 64])
Features saved at - results_default/models/run0/Helpdesk/Camargo_concat/features.csv
Targets saved at - results_default/models/run0/Helpdesk/Camargo_concat/targets.csv

--BEFORE--
torch.Size([12062, 2, 64])
torch.Size([12062, 64])
--AFTER--
torch.Size([12062, 2, 64])
torch.Size([12062, 64])

--BEFORE--
torch.Size([1346, 2, 64])
torch.Size([1346, 64])
--AFTER--
torch.Size([1346, 2, 64])
torch.Size([1346, 64])

--BEFORE--
torch.Size([3360, 2, 64])
torch.Size([3360, 64])
--AFTER--
torch.Size([3360, 2, 64])
torch.Size([3360, 64])
Features saved at - results_default/models/run0/Helpdesk/Camargo_concat/features.csv
Targets saved at - results_default/models/run0/Helpdesk/Camargo_concat/targets.csv
model_performance: (0.7961309552192688, 0.5074659905907365, 0.448796060352384, 0.47335288904741013, 0.43214285373687744, 0.16703710765491583, 0.08957803527651091, 0.11064939146861427, 0.8107143044471741, 0.46349206349206346, 0.37700892857142865, 0.4144959229066631, 0.9940476417541504, 0.9523809523809523, 0.9494047619047619, 0.9508397691868075, 7.918064594268799, 6.801037788391113, None, None)
