========================================================================= 
Log Path: ./log/2022-01-27 18-22-59_file.log 
Working Directory: /content/IBM-Data-Quality/03_Class-Overlap 
User Name: root 
R Version: 4.1.2 (2021-11-01) 
Machine: d039b2549366 x86_64 
Operating System: Linux 5.4.144+ #1 SMP Tue Dec 7 09:58:10 PST 2021 
[1] "Base Packages: tools stats graphics grDevices utils datasets methods\n               base \nOther Packages: logr_1.2.8 ECoL_0.3.0 "
Log Start Time: 2022-01-27 18:22:59 
========================================================================= 

---- Running check_overlap.r ---- 

NOTE: Log Print Time:  2022-01-27 18:22:59 
NOTE: Elapsed Time in seconds: 0.00623083114624023 

[1] "[ERROR][ BPIC12_A.csv ][ACTIVITY]:  Error in featurebased(activity ~ ., data): could not find function \"featurebased\"\n"

NOTE: Log Print Time:  2022-01-27 18:22:59 
NOTE: Elapsed Time in seconds: 0.215505123138428 

[1] "[ERROR][ BPIC12_A.csv ][RESOURCE]:  Error in featurebased(resource ~ ., data): could not find function \"featurebased\"\n"

NOTE: Log Print Time:  2022-01-27 18:22:59 
NOTE: Elapsed Time in seconds: 0.0100421905517578 

[1] "[ERROR][ BPIC12_const.csv ][ACTIVITY]:  Error in featurebased(activity ~ ., data): could not find function \"featurebased\"\n"

NOTE: Log Print Time:  2022-01-27 18:23:01 
NOTE: Elapsed Time in seconds: 1.14604377746582 

[1] "[ERROR][ BPIC12_const.csv ][RESOURCE]:  Error in featurebased(resource ~ ., data): could not find function \"featurebased\"\n"

NOTE: Log Print Time:  2022-01-27 18:23:01 
NOTE: Elapsed Time in seconds: 0.00762939453125 

[1] "[ERROR][ BPIC12_mode_case.csv ][ACTIVITY]:  Error in featurebased(activity ~ ., data): could not find function \"featurebased\"\n"

NOTE: Log Print Time:  2022-01-27 18:23:01 
NOTE: Elapsed Time in seconds: 0.940131425857544 

[1] "[ERROR][ BPIC12_mode_case.csv ][RESOURCE]:  Error in featurebased(resource ~ ., data): could not find function \"featurebased\"\n"

NOTE: Log Print Time:  2022-01-27 18:23:02 
NOTE: Elapsed Time in seconds: 0.00696253776550293 

[1] "[ERROR][ BPIC12_mode_event.csv ][ACTIVITY]:  Error in featurebased(activity ~ ., data): could not find function \"featurebased\"\n"

NOTE: Log Print Time:  2022-01-27 18:23:02 
NOTE: Elapsed Time in seconds: 0.953997373580933 

[1] "[ERROR][ BPIC12_mode_event.csv ][RESOURCE]:  Error in featurebased(resource ~ ., data): could not find function \"featurebased\"\n"

NOTE: Log Print Time:  2022-01-27 18:23:02 
NOTE: Elapsed Time in seconds: 0.00568151473999023 

[1] "[ERROR][ BPIC12_O.csv ][ACTIVITY]:  Error in featurebased(activity ~ ., data): could not find function \"featurebased\"\n"

NOTE: Log Print Time:  2022-01-27 18:23:03 
NOTE: Elapsed Time in seconds: 0.207207202911377 

[1] "[ERROR][ BPIC12_O.csv ][RESOURCE]:  Error in featurebased(resource ~ ., data): could not find function \"featurebased\"\n"

NOTE: Log Print Time:  2022-01-27 18:23:03 
NOTE: Elapsed Time in seconds: 0.00968647003173828 

[1] "[ERROR][ BPIC12_W_const.csv ][ACTIVITY]:  Error in featurebased(activity ~ ., data): could not find function \"featurebased\"\n"

NOTE: Log Print Time:  2022-01-27 18:23:03 
NOTE: Elapsed Time in seconds: 0.560082674026489 

[1] "[ERROR][ BPIC12_W_const.csv ][RESOURCE]:  Error in featurebased(resource ~ ., data): could not find function \"featurebased\"\n"

NOTE: Log Print Time:  2022-01-27 18:23:03 
NOTE: Elapsed Time in seconds: 0.00626945495605469 

[1] "[ERROR][ BPIC12_W_mode_case.csv ][ACTIVITY]:  Error in featurebased(activity ~ ., data): could not find function \"featurebased\"\n"

NOTE: Log Print Time:  2022-01-27 18:23:04 
NOTE: Elapsed Time in seconds: 0.592920303344727 

[1] "[ERROR][ BPIC12_W_mode_case.csv ][RESOURCE]:  Error in featurebased(resource ~ ., data): could not find function \"featurebased\"\n"

NOTE: Log Print Time:  2022-01-27 18:23:04 
NOTE: Elapsed Time in seconds: 0.00604915618896484 

[1] "[ERROR][ BPIC12_W_mode_event.csv ][ACTIVITY]:  Error in featurebased(activity ~ ., data): could not find function \"featurebased\"\n"

NOTE: Log Print Time:  2022-01-27 18:23:04 
NOTE: Elapsed Time in seconds: 0.597795248031616 

[1] "[ERROR][ BPIC12_W_mode_event.csv ][RESOURCE]:  Error in featurebased(resource ~ ., data): could not find function \"featurebased\"\n"

NOTE: Log Print Time:  2022-01-27 18:23:04 
NOTE: Elapsed Time in seconds: 0.00906801223754883 

[1] "[ERROR][ BPIC12_W.csv ][ACTIVITY]:  Error in featurebased(activity ~ ., data): could not find function \"featurebased\"\n"

NOTE: Log Print Time:  2022-01-27 18:23:05 
NOTE: Elapsed Time in seconds: 0.578896522521973 

[1] "[ERROR][ BPIC12_W.csv ][RESOURCE]:  Error in featurebased(resource ~ ., data): could not find function \"featurebased\"\n"

NOTE: Log Print Time:  2022-01-27 18:23:05 
NOTE: Elapsed Time in seconds: 0.0099029541015625 

[1] "[ERROR][ BPIC12_Wc_const.csv ][ACTIVITY]:  Error in featurebased(activity ~ ., data): could not find function \"featurebased\"\n"

NOTE: Log Print Time:  2022-01-27 18:23:05 
NOTE: Elapsed Time in seconds: 0.296092987060547 

[1] "[ERROR][ BPIC12_Wc_const.csv ][RESOURCE]:  Error in featurebased(resource ~ ., data): could not find function \"featurebased\"\n"

NOTE: Log Print Time:  2022-01-27 18:23:05 
NOTE: Elapsed Time in seconds: 0.00944900512695312 

[1] "[ERROR][ BPIC12_Wc_mode_case.csv ][ACTIVITY]:  Error in featurebased(activity ~ ., data): could not find function \"featurebased\"\n"

NOTE: Log Print Time:  2022-01-27 18:23:06 
NOTE: Elapsed Time in seconds: 0.274193525314331 

[1] "[ERROR][ BPIC12_Wc_mode_case.csv ][RESOURCE]:  Error in featurebased(resource ~ ., data): could not find function \"featurebased\"\n"

NOTE: Log Print Time:  2022-01-27 18:23:06 
NOTE: Elapsed Time in seconds: 0.00833392143249512 

[1] "[ERROR][ BPIC12_Wc_mode_event.csv ][ACTIVITY]:  Error in featurebased(activity ~ ., data): could not find function \"featurebased\"\n"

NOTE: Log Print Time:  2022-01-27 18:23:06 
NOTE: Elapsed Time in seconds: 0.257383108139038 

[1] "[ERROR][ BPIC12_Wc_mode_event.csv ][RESOURCE]:  Error in featurebased(resource ~ ., data): could not find function \"featurebased\"\n"

NOTE: Log Print Time:  2022-01-27 18:23:06 
NOTE: Elapsed Time in seconds: 0.00935626029968262 

[1] "[ERROR][ BPIC12_Wc.csv ][ACTIVITY]:  Error in featurebased(activity ~ ., data): could not find function \"featurebased\"\n"

NOTE: Log Print Time:  2022-01-27 18:23:06 
NOTE: Elapsed Time in seconds: 0.277811288833618 

[1] "[ERROR][ BPIC12_Wc.csv ][RESOURCE]:  Error in featurebased(resource ~ ., data): could not find function \"featurebased\"\n"

NOTE: Log Print Time:  2022-01-27 18:23:06 
NOTE: Elapsed Time in seconds: 0.00843286514282227 

[1] "[ERROR][ BPIC12.csv ][ACTIVITY]:  Error in featurebased(activity ~ ., data): could not find function \"featurebased\"\n"

NOTE: Log Print Time:  2022-01-27 18:23:07 
NOTE: Elapsed Time in seconds: 0.913496494293213 

[1] "[ERROR][ BPIC12.csv ][RESOURCE]:  Error in featurebased(resource ~ ., data): could not find function \"featurebased\"\n"

NOTE: Log Print Time:  2022-01-27 18:23:07 
NOTE: Elapsed Time in seconds: 0.00937891006469727 

[1] "[ERROR][ BPIC13_CP_const.csv ][ACTIVITY]:  Error in featurebased(activity ~ ., data): could not find function \"featurebased\"\n"

NOTE: Log Print Time:  2022-01-27 18:23:07 
NOTE: Elapsed Time in seconds: 0.0392053127288818 

[1] "[ERROR][ BPIC13_CP_const.csv ][RESOURCE]:  Error in featurebased(resource ~ ., data): could not find function \"featurebased\"\n"

NOTE: Log Print Time:  2022-01-27 18:23:07 
NOTE: Elapsed Time in seconds: 0.0114872455596924 

[1] "[ERROR][ BPIC13_CP_mode_case.csv ][ACTIVITY]:  Error in featurebased(activity ~ ., data): could not find function \"featurebased\"\n"

NOTE: Log Print Time:  2022-01-27 18:23:07 
NOTE: Elapsed Time in seconds: 0.0356583595275879 

[1] "[ERROR][ BPIC13_CP_mode_case.csv ][RESOURCE]:  Error in featurebased(resource ~ ., data): could not find function \"featurebased\"\n"

NOTE: Log Print Time:  2022-01-27 18:23:07 
NOTE: Elapsed Time in seconds: 0.00498318672180176 

[1] "[ERROR][ BPIC13_CP_mode_event.csv ][ACTIVITY]:  Error in featurebased(activity ~ ., data): could not find function \"featurebased\"\n"

NOTE: Log Print Time:  2022-01-27 18:23:07 
NOTE: Elapsed Time in seconds: 0.0418930053710938 

[1] "[ERROR][ BPIC13_CP_mode_event.csv ][RESOURCE]:  Error in featurebased(resource ~ ., data): could not find function \"featurebased\"\n"

NOTE: Log Print Time:  2022-01-27 18:23:07 
NOTE: Elapsed Time in seconds: 0.00676274299621582 

[1] "[ERROR][ BPIC13_CP.csv ][ACTIVITY]:  Error in featurebased(activity ~ ., data): could not find function \"featurebased\"\n"

NOTE: Log Print Time:  2022-01-27 18:23:07 
NOTE: Elapsed Time in seconds: 0.0344583988189697 

[1] "[ERROR][ BPIC13_CP.csv ][RESOURCE]:  Error in featurebased(resource ~ ., data): could not find function \"featurebased\"\n"

NOTE: Log Print Time:  2022-01-27 18:23:07 
NOTE: Elapsed Time in seconds: 0.0139451026916504 

[1] "[ERROR][ BPIC15_1.csv ][ACTIVITY]:  Error in featurebased(activity ~ ., data): could not find function \"featurebased\"\n"

NOTE: Log Print Time:  2022-01-27 18:23:07 
NOTE: Elapsed Time in seconds: 0.0664882659912109 

[1] "[ERROR][ BPIC15_1.csv ][RESOURCE]:  Error in featurebased(resource ~ ., data): could not find function \"featurebased\"\n"

NOTE: Log Print Time:  2022-01-27 18:23:07 
NOTE: Elapsed Time in seconds: 0.00529575347900391 

[1] "[ERROR][ BPIC15_2.csv ][ACTIVITY]:  Error in featurebased(activity ~ ., data): could not find function \"featurebased\"\n"

NOTE: Log Print Time:  2022-01-27 18:23:07 
NOTE: Elapsed Time in seconds: 0.0578699111938477 

[1] "[ERROR][ BPIC15_2.csv ][RESOURCE]:  Error in featurebased(resource ~ ., data): could not find function \"featurebased\"\n"

NOTE: Log Print Time:  2022-01-27 18:23:07 
NOTE: Elapsed Time in seconds: 0.0113639831542969 

[1] "[ERROR][ BPIC15_3.csv ][ACTIVITY]:  Error in featurebased(activity ~ ., data): could not find function \"featurebased\"\n"

NOTE: Log Print Time:  2022-01-27 18:23:08 
NOTE: Elapsed Time in seconds: 0.0985004901885986 

[1] "[ERROR][ BPIC15_3.csv ][RESOURCE]:  Error in featurebased(resource ~ ., data): could not find function \"featurebased\"\n"

NOTE: Log Print Time:  2022-01-27 18:23:08 
NOTE: Elapsed Time in seconds: 0.00916361808776855 

[1] "[ERROR][ BPIC15_4.csv ][ACTIVITY]:  Error in featurebased(activity ~ ., data): could not find function \"featurebased\"\n"

NOTE: Log Print Time:  2022-01-27 18:23:08 
NOTE: Elapsed Time in seconds: 0.0631980895996094 

[1] "[ERROR][ BPIC15_4.csv ][RESOURCE]:  Error in featurebased(resource ~ ., data): could not find function \"featurebased\"\n"

NOTE: Log Print Time:  2022-01-27 18:23:08 
NOTE: Elapsed Time in seconds: 0.00649023056030273 

[1] "[ERROR][ BPIC15_5.csv ][ACTIVITY]:  Error in featurebased(activity ~ ., data): could not find function \"featurebased\"\n"

NOTE: Log Print Time:  2022-01-27 18:23:08 
NOTE: Elapsed Time in seconds: 0.0855956077575684 

[1] "[ERROR][ BPIC15_5.csv ][RESOURCE]:  Error in featurebased(resource ~ ., data): could not find function \"featurebased\"\n"

NOTE: Log Print Time:  2022-01-27 18:23:08 
NOTE: Elapsed Time in seconds: 0.00645804405212402 

[1] "[ERROR][ BPIC17_O.csv ][ACTIVITY]:  Error in featurebased(activity ~ ., data): could not find function \"featurebased\"\n"

NOTE: Log Print Time:  2022-01-27 18:23:09 
NOTE: Elapsed Time in seconds: 1.68658375740051 

[1] "[ERROR][ BPIC17_O.csv ][RESOURCE]:  Error in featurebased(resource ~ ., data): could not find function \"featurebased\"\n"

NOTE: Log Print Time:  2022-01-27 18:23:09 
NOTE: Elapsed Time in seconds: 0.0105459690093994 

[1] "[ERROR][ BPIC20_RFP.csv ][ACTIVITY]:  Error in featurebased(activity ~ ., data): could not find function \"featurebased\"\n"

NOTE: Log Print Time:  2022-01-27 18:23:10 
NOTE: Elapsed Time in seconds: 0.232943296432495 

[1] "[ERROR][ BPIC20_RFP.csv ][RESOURCE]:  Error in featurebased(resource ~ ., data): could not find function \"featurebased\"\n"

NOTE: Log Print Time:  2022-01-27 18:23:10 
NOTE: Elapsed Time in seconds: 0.0114233493804932 

[1] "[ERROR][ Helpdesk.csv ][ACTIVITY]:  Error in featurebased(activity ~ ., data): could not find function \"featurebased\"\n"

NOTE: Log Print Time:  2022-01-27 18:23:10 
NOTE: Elapsed Time in seconds: 0.0649757385253906 

[1] "[ERROR][ Helpdesk.csv ][RESOURCE]:  Error in featurebased(resource ~ ., data): could not find function \"featurebased\"\n"

NOTE: Log Print Time:  2022-01-27 18:23:10 
NOTE: Elapsed Time in seconds: 0.0102448463439941 

[1] "[ERROR][ Mobis_const.csv ][ACTIVITY]:  Error in featurebased(activity ~ ., data): could not find function \"featurebased\"\n"

NOTE: Log Print Time:  2022-01-27 18:23:10 
NOTE: Elapsed Time in seconds: 0.649144172668457 

[1] "[ERROR][ Mobis_const.csv ][RESOURCE]:  Error in featurebased(resource ~ ., data): could not find function \"featurebased\"\n"

NOTE: Log Print Time:  2022-01-27 18:23:10 
NOTE: Elapsed Time in seconds: 0.00753688812255859 

[1] "[ERROR][ Mobis_mode_case.csv ][ACTIVITY]:  Error in featurebased(activity ~ ., data): could not find function \"featurebased\"\n"

NOTE: Log Print Time:  2022-01-27 18:23:11 
NOTE: Elapsed Time in seconds: 0.602747440338135 

[1] "[ERROR][ Mobis_mode_case.csv ][RESOURCE]:  Error in featurebased(resource ~ ., data): could not find function \"featurebased\"\n"

NOTE: Log Print Time:  2022-01-27 18:23:11 
NOTE: Elapsed Time in seconds: 0.00669717788696289 

[1] "[ERROR][ Mobis_mode_event.csv ][ACTIVITY]:  Error in featurebased(activity ~ ., data): could not find function \"featurebased\"\n"

NOTE: Log Print Time:  2022-01-27 18:23:11 
NOTE: Elapsed Time in seconds: 0.463884592056274 

[1] "[ERROR][ Mobis_mode_event.csv ][RESOURCE]:  Error in featurebased(resource ~ ., data): could not find function \"featurebased\"\n"

NOTE: Log Print Time:  2022-01-27 18:23:11 
NOTE: Elapsed Time in seconds: 0.00521564483642578 

[1] "[ERROR][ Mobis.csv ][ACTIVITY]:  Error in featurebased(activity ~ ., data): could not find function \"featurebased\"\n"

NOTE: Log Print Time:  2022-01-27 18:23:12 
NOTE: Elapsed Time in seconds: 0.482852697372437 

[1] "[ERROR][ Mobis.csv ][RESOURCE]:  Error in featurebased(resource ~ ., data): could not find function \"featurebased\"\n"

NOTE: Log Print Time:  2022-01-27 18:23:12 
NOTE: Elapsed Time in seconds: 0.0106804370880127 

========================================================================= 
Log End Time: 2022-01-27 18:23:12 
Log Elapsed Time: 0 00:00:12 
========================================================================= 
