=========================================================================
Log Path: ./log/2022-01-27 19-22-32_file.log
Program Path: C:/Users/abhin/Abhinav Bohra/My Documents/Internships/Internship IBM (Dec-Mar 2022)/IBM-Data-Quality/03_Class_Overlap/check_overlap.r
Working Directory: C:/Users/abhin/Abhinav Bohra/My Documents/Internships/Internship IBM (Dec-Mar 2022)/IBM-Data-Quality/03_Class_Overlap
User Name: abhin
R Version: 4.1.2 (2021-11-01)
Machine: ABHINAV-BOHRA-P x86-64
Operating System: Windows 10 x64 build 22000
Base Packages: stats graphics grDevices utils datasets methods base
Other Packages: logr_1.2.8 ECoL_0.4.2 
Log Start Time: 2022-01-27 19:22:32
=========================================================================

---- Running check_overlap.r ----

NOTE: Log Print Time:  2022-01-27 19:22:32
NOTE: Elapsed Time in seconds: 0.00779104232788086

[ERROR][{log}][ACTIVITY}:  Error in featurebased.default(modFrame[, -1, drop = FALSE], modFrame[, : number of examples in the minority class should be >= 2


NOTE: Log Print Time:  2022-01-27 19:22:34
NOTE: Elapsed Time in seconds: 1.78961706161499

ERROR IN RESOURCE Error in featurebased.default(modFrame[, -1, drop = FALSE], modFrame[, : number of examples in the minority class should be >= 2


NOTE: Log Print Time:  2022-01-27 19:22:37
NOTE: Elapsed Time in seconds: 2.89649486541748

[ERROR][{log}][ACTIVITY}:  Error in featurebased.default(modFrame[, -1, drop = FALSE], modFrame[, : number of examples in the minority class should be >= 2


NOTE: Log Print Time:  2022-01-27 19:22:38
NOTE: Elapsed Time in seconds: 1.34565615653992

[ERROR][{log}][ACTIVITY}:  Error in featurebased.default(modFrame[, -1, drop = FALSE], modFrame[, : number of examples in the minority class should be >= 2


NOTE: Log Print Time:  2022-01-27 19:22:41
NOTE: Elapsed Time in seconds: 3.09151792526245

[ERROR][{log}][ACTIVITY}:  Error in featurebased.default(modFrame[, -1, drop = FALSE], modFrame[, : number of examples in the minority class should be >= 2


NOTE: Log Print Time:  2022-01-27 19:22:44
NOTE: Elapsed Time in seconds: 2.89975595474243

ERROR IN RESOURCE Error in featurebased.default(modFrame[, -1, drop = FALSE], modFrame[, : number of examples in the minority class should be >= 2


NOTE: Log Print Time:  2022-01-27 19:22:47
NOTE: Elapsed Time in seconds: 2.55848097801208

ERROR IN RESOURCE Error in featurebased.default(modFrame[, -1, drop = FALSE], modFrame[, : number of examples in the minority class should be >= 2


NOTE: Log Print Time:  2022-01-27 19:23:11
NOTE: Elapsed Time in seconds: 24.160206079483

ERROR IN RESOURCE Error in featurebased.default(modFrame[, -1, drop = FALSE], modFrame[, : number of examples in the minority class should be >= 2


NOTE: Log Print Time:  2022-01-27 19:23:12
NOTE: Elapsed Time in seconds: 1.29997801780701

ERROR IN RESOURCE Error in featurebased.default(modFrame[, -1, drop = FALSE], modFrame[, : number of examples in the minority class should be >= 2


NOTE: Log Print Time:  2022-01-27 19:23:14
NOTE: Elapsed Time in seconds: 1.30129194259644

ERROR IN RESOURCE Error in featurebased.default(modFrame[, -1, drop = FALSE], modFrame[, : number of examples in the minority class should be >= 2


NOTE: Log Print Time:  2022-01-27 19:23:15
NOTE: Elapsed Time in seconds: 1.3636691570282

[ERROR][{log}][ACTIVITY}:  Error in featurebased.default(modFrame[, -1, drop = FALSE], modFrame[, : number of examples in the minority class should be >= 2


NOTE: Log Print Time:  2022-01-27 19:23:25
NOTE: Elapsed Time in seconds: 10.1988530158997

[ERROR][{log}][ACTIVITY}:  Error in featurebased.default(modFrame[, -1, drop = FALSE], modFrame[, : number of examples in the minority class should be >= 2


NOTE: Log Print Time:  2022-01-27 19:23:26
NOTE: Elapsed Time in seconds: 0.401193857192993

[ERROR][{log}][ACTIVITY}:  Error in featurebased.default(modFrame[, -1, drop = FALSE], modFrame[, : number of examples in the minority class should be >= 2


NOTE: Log Print Time:  2022-01-27 19:23:26
NOTE: Elapsed Time in seconds: 0.400619983673096

ERROR IN RESOURCE Error in featurebased.default(modFrame[, -1, drop = FALSE], modFrame[, : number of examples in the minority class should be >= 2


NOTE: Log Print Time:  2022-01-27 19:23:26
NOTE: Elapsed Time in seconds: 0.0331521034240723

[ERROR][{log}][ACTIVITY}:  Error in featurebased.default(modFrame[, -1, drop = FALSE], modFrame[, : number of examples in the minority class should be >= 2


NOTE: Log Print Time:  2022-01-27 19:23:26
NOTE: Elapsed Time in seconds: 0.1177659034729

[ERROR][{log}][ACTIVITY}:  Error in featurebased.default(modFrame[, -1, drop = FALSE], modFrame[, : number of examples in the minority class should be >= 2


NOTE: Log Print Time:  2022-01-27 19:23:27
NOTE: Elapsed Time in seconds: 0.582435131072998

ERROR IN RESOURCE Error in featurebased.default(modFrame[, -1, drop = FALSE], modFrame[, : number of examples in the minority class should be >= 2


NOTE: Log Print Time:  2022-01-27 19:23:27
NOTE: Elapsed Time in seconds: 0.0217878818511963

[ERROR][{log}][ACTIVITY}:  Error in featurebased.default(modFrame[, -1, drop = FALSE], modFrame[, : number of examples in the minority class should be >= 2


NOTE: Log Print Time:  2022-01-27 19:23:31
NOTE: Elapsed Time in seconds: 4.66823601722717

ERROR IN RESOURCE Error in featurebased.default(modFrame[, -1, drop = FALSE], modFrame[, : number of examples in the minority class should be >= 2


NOTE: Log Print Time:  2022-01-27 19:23:31
NOTE: Elapsed Time in seconds: 0.0113489627838135

number of examples in the minority class should be >= 2

NOTE: Log Print Time:  2022-01-27 19:23:32
NOTE: Elapsed Time in seconds: 0.607574939727783

Error in data.frame(event_logs, activity_f1_mean, activity_f1_std, activity_f2_mean,  : 
  arguments imply differing number of rows: 30, 24


NOTE: Log Print Time:  2022-01-27 19:23:32
NOTE: Elapsed Time in seconds: 0.0760080814361572

Error in as.data.frame.default(x[[i]], optional = TRUE) : 
  cannot coerce class '"function"' to a data.frame
Calls: write.csv ... data.frame -> as.data.frame -> as.data.frame.default


NOTE: Log Print Time:  2022-01-27 19:23:32
NOTE: Elapsed Time in seconds: 0.0354039669036865

Error: unexpected symbol in "log_close()essfully"


NOTE: Log Print Time:  2022-01-27 19:23:32
NOTE: Elapsed Time in seconds: 0.0183351039886475

=========================================================================
Log End Time: 2022-01-27 19:23:32
Log Elapsed Time: 0 00:00:59
=========================================================================
