=========================================================================
Log Path: ./log/2022-01-27 19-21-24_file.log
Program Path: C:/Users/abhin/Abhinav Bohra/My Documents/Internships/Internship IBM (Dec-Mar 2022)/IBM-Data-Quality/03_Class_Overlap/check_overlap.r
Working Directory: C:/Users/abhin/Abhinav Bohra/My Documents/Internships/Internship IBM (Dec-Mar 2022)/IBM-Data-Quality/03_Class_Overlap
User Name: abhin
R Version: 4.1.2 (2021-11-01)
Machine: ABHINAV-BOHRA-P x86-64
Operating System: Windows 10 x64 build 22000
Base Packages: stats graphics grDevices utils datasets methods base
Other Packages: logr_1.2.8 ECoL_0.4.2 
Log Start Time: 2022-01-27 19:21:24
=========================================================================

---- Running check_overlap.r ----

NOTE: Log Print Time:  2022-01-27 19:21:24
NOTE: Elapsed Time in seconds: 0.0070030689239502

ERROR IN ACTIVITY Error in featurebased.default(modFrame[, -1, drop = FALSE], modFrame[, : number of examples in the minority class should be >= 2


NOTE: Log Print Time:  2022-01-27 19:21:26
NOTE: Elapsed Time in seconds: 1.91099500656128

ERROR IN RESOURCE Error in featurebased.default(modFrame[, -1, drop = FALSE], modFrame[, : number of examples in the minority class should be >= 2


NOTE: Log Print Time:  2022-01-27 19:21:29
NOTE: Elapsed Time in seconds: 2.78847479820251

ERROR IN ACTIVITY Error in featurebased.default(modFrame[, -1, drop = FALSE], modFrame[, : number of examples in the minority class should be >= 2


NOTE: Log Print Time:  2022-01-27 19:21:30
NOTE: Elapsed Time in seconds: 1.51427912712097

ERROR IN ACTIVITY Error in featurebased.default(modFrame[, -1, drop = FALSE], modFrame[, : number of examples in the minority class should be >= 2


NOTE: Log Print Time:  2022-01-27 19:21:33
NOTE: Elapsed Time in seconds: 2.4784848690033

ERROR IN ACTIVITY Error in featurebased.default(modFrame[, -1, drop = FALSE], modFrame[, : number of examples in the minority class should be >= 2


NOTE: Log Print Time:  2022-01-27 19:21:35
NOTE: Elapsed Time in seconds: 2.41373515129089

ERROR IN RESOURCE Error in featurebased.default(modFrame[, -1, drop = FALSE], modFrame[, : number of examples in the minority class should be >= 2


NOTE: Log Print Time:  2022-01-27 19:21:39
NOTE: Elapsed Time in seconds: 3.60907793045044

ERROR IN RESOURCE Error in featurebased.default(modFrame[, -1, drop = FALSE], modFrame[, : number of examples in the minority class should be >= 2


NOTE: Log Print Time:  2022-01-27 19:22:02
NOTE: Elapsed Time in seconds: 22.7817709445953

ERROR IN RESOURCE Error in featurebased.default(modFrame[, -1, drop = FALSE], modFrame[, : number of examples in the minority class should be >= 2


NOTE: Log Print Time:  2022-01-27 19:22:03
NOTE: Elapsed Time in seconds: 1.21773910522461

ERROR IN RESOURCE Error in featurebased.default(modFrame[, -1, drop = FALSE], modFrame[, : number of examples in the minority class should be >= 2


NOTE: Log Print Time:  2022-01-27 19:22:04
NOTE: Elapsed Time in seconds: 1.17825102806091

ERROR IN RESOURCE Error in featurebased.default(modFrame[, -1, drop = FALSE], modFrame[, : number of examples in the minority class should be >= 2


NOTE: Log Print Time:  2022-01-27 19:22:05
NOTE: Elapsed Time in seconds: 0.712424993515015

ERROR IN ACTIVITY Error in featurebased.default(modFrame[, -1, drop = FALSE], modFrame[, : number of examples in the minority class should be >= 2


NOTE: Log Print Time:  2022-01-27 19:22:12
NOTE: Elapsed Time in seconds: 7.06586694717407

ERROR IN ACTIVITY Error in featurebased.default(modFrame[, -1, drop = FALSE], modFrame[, : number of examples in the minority class should be >= 2


NOTE: Log Print Time:  2022-01-27 19:22:12
NOTE: Elapsed Time in seconds: 0.270145893096924

ERROR IN ACTIVITY Error in featurebased.default(modFrame[, -1, drop = FALSE], modFrame[, : number of examples in the minority class should be >= 2


NOTE: Log Print Time:  2022-01-27 19:22:12
NOTE: Elapsed Time in seconds: 0.271761178970337

ERROR IN RESOURCE Error in featurebased.default(modFrame[, -1, drop = FALSE], modFrame[, : number of examples in the minority class should be >= 2


NOTE: Log Print Time:  2022-01-27 19:22:12
NOTE: Elapsed Time in seconds: 0.00861692428588867

ERROR IN ACTIVITY Error in featurebased.default(modFrame[, -1, drop = FALSE], modFrame[, : number of examples in the minority class should be >= 2


NOTE: Log Print Time:  2022-01-27 19:22:13
NOTE: Elapsed Time in seconds: 0.100894927978516

ERROR IN ACTIVITY Error in featurebased.default(modFrame[, -1, drop = FALSE], modFrame[, : number of examples in the minority class should be >= 2


NOTE: Log Print Time:  2022-01-27 19:22:13
NOTE: Elapsed Time in seconds: 0.156998157501221

ERROR IN RESOURCE Error in featurebased.default(modFrame[, -1, drop = FALSE], modFrame[, : number of examples in the minority class should be >= 2


NOTE: Log Print Time:  2022-01-27 19:22:13
NOTE: Elapsed Time in seconds: 0.00766801834106445

ERROR IN ACTIVITY Error in featurebased.default(modFrame[, -1, drop = FALSE], modFrame[, : number of examples in the minority class should be >= 2


NOTE: Log Print Time:  2022-01-27 19:22:16
NOTE: Elapsed Time in seconds: 2.99853181838989

ERROR IN RESOURCE Error in featurebased.default(modFrame[, -1, drop = FALSE], modFrame[, : number of examples in the minority class should be >= 2


NOTE: Log Print Time:  2022-01-27 19:22:16
NOTE: Elapsed Time in seconds: 0.0093071460723877

ERROR IN ACTIVITY Error in featurebased.default(modFrame[, -1, drop = FALSE], modFrame[, : number of examples in the minority class should be >= 2


NOTE: Log Print Time:  2022-01-27 19:22:17
NOTE: Elapsed Time in seconds: 1.47993993759155

ERROR IN RESOURCE Error in featurebased.default(modFrame[, -1, drop = FALSE], modFrame[, : number of examples in the minority class should be >= 2


NOTE: Log Print Time:  2022-01-27 19:22:17
NOTE: Elapsed Time in seconds: 0.0106809139251709

ERROR IN ACTIVITY Error in `contrasts<-`(`*tmp*`, value = contr.funs[1 + isOF[nn]]): contrasts can be applied only to factors with 2 or more levels


NOTE: Log Print Time:  2022-01-27 19:22:18
NOTE: Elapsed Time in seconds: 0.807507991790771

ERROR IN RESOURCE Error in `contrasts<-`(`*tmp*`, value = contr.funs[1 + isOF[nn]]): contrasts can be applied only to factors with 2 or more levels


NOTE: Log Print Time:  2022-01-27 19:22:18
NOTE: Elapsed Time in seconds: 0.0119001865386963

ERROR IN ACTIVITY Error in `contrasts<-`(`*tmp*`, value = contr.funs[1 + isOF[nn]]): contrasts can be applied only to factors with 2 or more levels


NOTE: Log Print Time:  2022-01-27 19:22:19
NOTE: Elapsed Time in seconds: 0.868649959564209

ERROR IN RESOURCE Error in `contrasts<-`(`*tmp*`, value = contr.funs[1 + isOF[nn]]): contrasts can be applied only to factors with 2 or more levels


NOTE: Log Print Time:  2022-01-27 19:22:19
NOTE: Elapsed Time in seconds: 0.020103931427002

ERROR IN ACTIVITY Error in `contrasts<-`(`*tmp*`, value = contr.funs[1 + isOF[nn]]): contrasts can be applied only to factors with 2 or more levels


NOTE: Log Print Time:  2022-01-27 19:22:20
NOTE: Elapsed Time in seconds: 0.922681093215942

ERROR IN RESOURCE Error in `contrasts<-`(`*tmp*`, value = contr.funs[1 + isOF[nn]]): contrasts can be applied only to factors with 2 or more levels


NOTE: Log Print Time:  2022-01-27 19:22:20
NOTE: Elapsed Time in seconds: 0.013700008392334

ERROR IN ACTIVITY Error in `contrasts<-`(`*tmp*`, value = contr.funs[1 + isOF[nn]]): contrasts can be applied only to factors with 2 or more levels


NOTE: Log Print Time:  2022-01-27 19:22:21
NOTE: Elapsed Time in seconds: 0.921413898468018

ERROR IN RESOURCE Error in `contrasts<-`(`*tmp*`, value = contr.funs[1 + isOF[nn]]): contrasts can be applied only to factors with 2 or more levels


NOTE: Log Print Time:  2022-01-27 19:22:21
NOTE: Elapsed Time in seconds: 0.0158541202545166

=========================================================================
Log End Time: 2022-01-27 19:22:21
Log Elapsed Time: 0 00:00:56
=========================================================================
