--Preprocessing Logging--
--Pipeline Logging--
--Baselines Logging--
--MPPN Logging--

--BEFORE--
torch.Size([12097, 2, 64])
torch.Size([12097, 64])
--AFTER--
torch.Size([12097, 2, 64])
torch.Size([12097, 64])

--BEFORE--
torch.Size([1311, 2, 64])
torch.Size([1311, 64])
--AFTER--
torch.Size([1311, 2, 64])
torch.Size([1311, 64])

--BEFORE--
torch.Size([3360, 2, 64])
torch.Size([3360, 64])
--AFTER--
torch.Size([3360, 2, 64])
torch.Size([3360, 64])

--BEFORE--
torch.Size([12097, 2, 64])
torch.Size([12097, 64])
--AFTER--
torch.Size([12097, 2, 64])
torch.Size([12097, 64])

--BEFORE--
torch.Size([1311, 2, 64])
torch.Size([1311, 64])
--AFTER--
torch.Size([1311, 2, 64])
torch.Size([1311, 64])

--BEFORE--
torch.Size([3360, 2, 64])
torch.Size([3360, 64])
--AFTER--
torch.Size([3360, 2, 64])
torch.Size([3360, 64])
model_performance: (0.7883928418159485, 0.502997155493345, 0.4477210924639176, 0.469624026510553, 0.43244048953056335, 0.16712824458815803, 0.08967234219003978, 0.11073443269001915, 0.8107143044471741, 0.46349206349206346, 0.37700892857142865, 0.4144959229066631, 0.9940476417541504, 0.9523809523809523, 0.9494047619047619, 0.9508397691868075, 7.758062839508057, 6.626718521118164, None, None)
